[02.02.2017 00:22:57.852] Off
[02.02.2017 00:22:57.855] Sorce folder  seledted
[02.02.2017 00:22:57.859] Target folder  seledted
[02.02.2017 00:22:58.688] Off
[02.02.2017 00:22:58.689] Sorce folder  seledted
[02.02.2017 00:22:58.690] Target folder  seledted
[02.02.2017 00:22:59.328] Off
[02.02.2017 00:22:59.329] Sorce folder  seledted
[02.02.2017 00:22:59.331] Target folder  seledted
[02.02.2017 00:22:59.543] Off
[02.02.2017 00:22:59.543] Sorce folder  seledted
[02.02.2017 00:22:59.545] Target folder  seledted
[02.02.2017 00:22:59.781] Off
[02.02.2017 00:22:59.781] Sorce folder  seledted
[02.02.2017 00:22:59.783] Target folder  seledted
[02.02.2017 00:22:59.982] Off
[02.02.2017 00:22:59.982] Sorce folder  seledted
[02.02.2017 00:22:59.984] Target folder  seledted
[02.02.2017 00:23:00.158] Off
[02.02.2017 00:23:00.159] Sorce folder  seledted
[02.02.2017 00:23:00.160] Target folder  seledted
[02.02.2017 00:56:34.173] Sorce folder D:\test1 seledted
[02.02.2017 00:56:40.410] Target folder D:\test2 seledted
[02.02.2017 00:59:23.233] Sorce folder D:\test1 seledted
[02.02.2017 00:59:29.891] Target folder D:\test2 seledted
[02.02.2017 01:00:38.171] Sorce folder D:\test1 seledted
[02.02.2017 01:00:43.528] Target folder D:\test2 seledted
[02.02.2017 01:03:21.738] Sorce folder D:\test1 seledted
[02.02.2017 01:03:27.775] Target folder D:\test2 seledted
[02.02.2017 01:06:11.691] Sorce folder D:\test1 seledted
[02.02.2017 01:06:20.658] Target folder D:\test2 seledted
[02.02.2017 01:08:24.414] Sorce folder D:\test1 seledted
[02.02.2017 01:08:44.761] Target folder D:\test2 seledted
